Game_Programming_101/ShooterAPK/build/intermediates/manifest_merge_blame_file/release/manifest-merger-blame-release-report.txt
1<?xml version="1.0" encoding="utf-8"?>
2<manifest xmlns:android="http://schemas.android.com/apk/res/android"
3    package="com.Gulraiz.Shooter"
4    android:installLocation="preferExternal"
5    android:versionCode="1"
6    android:versionName="0.1" >
7
8    <uses-sdk
9        android:minSdkVersion="16"
9-->src\main\AndroidManifest.xml
10        android:targetSdkVersion="33" />
10-->src\main\AndroidManifest.xml
11
12    <supports-screens
12-->src\main\AndroidManifest.xml:3:3-163
13        android:anyDensity="true"
13-->src\main\AndroidManifest.xml:3:135-160
14        android:largeScreens="true"
14-->src\main\AndroidManifest.xml:3:78-105
15        android:normalScreens="true"
15-->src\main\AndroidManifest.xml:3:49-77
16        android:smallScreens="true"
16-->src\main\AndroidManifest.xml:3:21-48
17        android:xlargeScreens="true" />
17-->src\main\AndroidManifest.xml:3:106-134
18
19    <uses-feature android:glEsVersion="0x00020000" />
19-->src\main\AndroidManifest.xml:17:3-52
19-->src\main\AndroidManifest.xml:17:17-49
20
21    <uses-permission android:name="android.permission.INTERNET" />
21-->src\main\AndroidManifest.xml:18:3-65
21-->src\main\AndroidManifest.xml:18:20-62
22
23    <uses-feature
23-->src\main\AndroidManifest.xml:19:3-88
24        android:name="android.hardware.touchscreen"
24-->src\main\AndroidManifest.xml:19:17-60
25        android:required="false" />
25-->src\main\AndroidManifest.xml:19:61-85
26    <uses-feature
26-->src\main\AndroidManifest.xml:20:3-99
27        android:name="android.hardware.touchscreen.multitouch"
27-->src\main\AndroidManifest.xml:20:17-71
28        android:required="false" />
28-->src\main\AndroidManifest.xml:20:72-96
29    <uses-feature
29-->src\main\AndroidManifest.xml:21:3-108
30        android:name="android.hardware.touchscreen.multitouch.distinct"
30-->src\main\AndroidManifest.xml:21:17-80
31        android:required="false" />
31-->src\main\AndroidManifest.xml:21:81-105
32
33    <application
33-->src\main\AndroidManifest.xml:4:3-16:17
34        android:banner="@drawable/app_banner"
34-->src\main\AndroidManifest.xml:4:145-182
35        android:icon="@mipmap/app_icon"
35-->src\main\AndroidManifest.xml:4:58-89
36        android:isGame="true"
36-->src\main\AndroidManifest.xml:4:123-144
37        android:label="@string/app_name"
37-->src\main\AndroidManifest.xml:4:90-122
38        android:theme="@style/UnityThemeSelector" >
38-->src\main\AndroidManifest.xml:4:16-57
39        <activity
39-->src\main\AndroidManifest.xml:5:5-12:16
40            android:name="com.Gulraiz.Shooter.UnityPlayerActivity"
40-->src\main\AndroidManifest.xml:5:337-391
41            android:configChanges="mcc|mnc|locale|touchscreen|keyboard|keyboardHidden|navigation|orientation|screenLayout|uiMode|screenSize|smallestScreenSize|fontScale|layoutDirection|density"
41-->src\main\AndroidManifest.xml:5:119-300
42            android:exported="true"
42-->src\main\AndroidManifest.xml:5:392-415
43            android:hardwareAccelerated="false"
43-->src\main\AndroidManifest.xml:5:301-336
44            android:label="@string/app_name"
44-->src\main\AndroidManifest.xml:5:15-47
45            android:launchMode="singleTask"
45-->src\main\AndroidManifest.xml:5:87-118
46            android:screenOrientation="fullSensor" >
46-->src\main\AndroidManifest.xml:5:48-86
47            <intent-filter>
47-->src\main\AndroidManifest.xml:6:7-10:23
48                <action android:name="android.intent.action.MAIN" />
48-->src\main\AndroidManifest.xml:7:9-61
48-->src\main\AndroidManifest.xml:7:17-58
49
50                <category android:name="android.intent.category.LAUNCHER" />
50-->src\main\AndroidManifest.xml:8:9-69
50-->src\main\AndroidManifest.xml:8:19-66
51                <category android:name="android.intent.category.LEANBACK_LAUNCHER" />
51-->src\main\AndroidManifest.xml:9:9-78
51-->src\main\AndroidManifest.xml:9:19-75
52            </intent-filter>
53
54            <meta-data
54-->src\main\AndroidManifest.xml:11:7-82
55                android:name="unityplayer.UnityActivity"
55-->src\main\AndroidManifest.xml:11:18-58
56                android:value="true" />
56-->src\main\AndroidManifest.xml:11:59-79
57        </activity>
58
59        <meta-data
59-->src\main\AndroidManifest.xml:13:5-101
60            android:name="unity.build-id"
60-->src\main\AndroidManifest.xml:13:16-45
61            android:value="a8b31d14-97ff-4732-a410-5bfab35cdee5" />
61-->src\main\AndroidManifest.xml:13:46-98
62        <meta-data
62-->src\main\AndroidManifest.xml:14:5-69
63            android:name="unity.splash-mode"
63-->src\main\AndroidManifest.xml:14:16-48
64            android:value="0" />
64-->src\main\AndroidManifest.xml:14:49-66
65        <meta-data
65-->src\main\AndroidManifest.xml:15:5-74
66            android:name="unity.splash-enable"
66-->src\main\AndroidManifest.xml:15:16-50
67            android:value="True" />
67-->src\main\AndroidManifest.xml:15:51-71
68    </application>
69
70</manifest>